[32064:20536:0403/195435.647:WARNING:chrome_main_delegate.cc(745)] This is Chrome version 128.0.6613.138 (not a warning)
[32064:40444:0403/195435.834:ERROR:google_update_settings.cc(265)] Failed opening key Software\Chromium to set usagestats; result: 5
[32064:20536:0403/195435.908:WARNING:account_consistency_mode_manager.cc(77)] Desktop Identity Consistency cannot be enabled as no OAuth client ID and client secret have been configured.
[32064:20536:0403/195438.751:WARNING:external_registry_loader_win.cc(232)] Error observing HKLM: 5
[32064:40444:0403/195438.752:WARNING:leveldb_database.cc(141)] Unable to open C:\Users\Danie\Unreal Projects\2027\repo\Ouract_WispCPP7VR-Core\WispCPP7VR Core\WispCPP7VR Core\WispCPP7VR\Saved\webcache_6613\Default\shared_proto_db\metadata: IO error: C:\Users\Danie\Unreal Projects\2027\repo\Ouract_WispCPP7VR-Core\WispCPP7VR Core\WispCPP7VR Core\WispCPP7VR\Saved\webcache_6613\Default\shared_proto_db\metadata/MANIFEST-000001: Unable to create sequential file (ChromeMethodBFE: 7::NewSequentialFile::1)
[32064:40444:0403/195438.755:WARNING:leveldb_database.cc(141)] Unable to open C:\Users\Danie\Unreal Projects\2027\repo\Ouract_WispCPP7VR-Core\WispCPP7VR Core\WispCPP7VR Core\WispCPP7VR\Saved\webcache_6613\Default\shared_proto_db\metadata: IO error: C:\Users\Danie\Unreal Projects\2027\repo\Ouract_WispCPP7VR-Core\WispCPP7VR Core\WispCPP7VR Core\WispCPP7VR\Saved\webcache_6613\Default\shared_proto_db\metadata/MANIFEST-000001: Unable to create sequential file (ChromeMethodBFE: 7::NewSequentialFile::1)
[32064:40444:0403/195438.757:WARNING:leveldb_database.cc(141)] Unable to open C:\Users\Danie\Unreal Projects\2027\repo\Ouract_WispCPP7VR-Core\WispCPP7VR Core\WispCPP7VR Core\WispCPP7VR\Saved\webcache_6613\Default\shared_proto_db\metadata: IO error: C:\Users\Danie\Unreal Projects\2027\repo\Ouract_WispCPP7VR-Core\WispCPP7VR Core\WispCPP7VR Core\WispCPP7VR\Saved\webcache_6613\Default\shared_proto_db\metadata/MANIFEST-000001: Unable to create sequential file (ChromeMethodBFE: 7::NewSequentialFile::1)
[32064:40444:0403/195438.760:WARNING:leveldb_database.cc(141)] Unable to open C:\Users\Danie\Unreal Projects\2027\repo\Ouract_WispCPP7VR-Core\WispCPP7VR Core\WispCPP7VR Core\WispCPP7VR\Saved\webcache_6613\Default\shared_proto_db\metadata: IO error: C:\Users\Danie\Unreal Projects\2027\repo\Ouract_WispCPP7VR-Core\WispCPP7VR Core\WispCPP7VR Core\WispCPP7VR\Saved\webcache_6613\Default\shared_proto_db\metadata/MANIFEST-000001: Unable to create sequential file (ChromeMethodBFE: 7::NewSequentialFile::1)
[32064:40048:0403/195439.287:WARNING:value_store_frontend.cc(47)] Reading ahfgeienlihckogmohjhadlkjgocpleb.alarms from  failed: IO error: .../MANIFEST-000001: Unable to create sequential file (ChromeMethodBFE: 7::NewSequentialFile::1)
[32064:40048:0403/195439.288:WARNING:value_store_frontend.cc(47)] Reading mhjfbmdgcfjbbpaeojofohoefgiehjai.alarms from  failed: IO error: .../MANIFEST-000001: Unable to create sequential file (ChromeMethodBFE: 7::NewSequentialFile::1)
[41684:13528:0403/195439.295:WARNING:frame_impl.cc(430)] virtual CefFrameImpl::SendProcessMessage sent to detached frame 5-F629D891E5962E8CD8691E7A9EA47B2E will be ignored
[32064:38560:0403/195439.691:WARNING:browser_info.cc(345)] Returning a speculative frame for [7,9]
[32064:20536:0403/195439.764:WARNING:browser_info.cc(345)] Returning a speculative frame for [8,9]
[32064:20536:0403/195439.764:WARNING:browser_info.cc(345)] Returning a speculative frame for [8,9]
[32064:20536:0403/195439.764:WARNING:browser_info.cc(345)] Returning a speculative frame for [8,9]
[32064:20536:0403/195439.764:WARNING:browser_info.cc(345)] Returning a speculative frame for [8,9]
[32064:38560:0403/195439.767:WARNING:browser_info.cc(345)] Returning a speculative frame for [8,9]
[32064:34884:0403/195441.511:WARNING:leveldb_database.cc(141)] Unable to open C:\Users\Danie\Unreal Projects\2027\repo\Ouract_WispCPP7VR-Core\WispCPP7VR Core\WispCPP7VR Core\WispCPP7VR\Saved\webcache_6613\Default\GCM Store\Encryption: IO error: C:\Users\Danie\Unreal Projects\2027\repo\Ouract_WispCPP7VR-Core\WispCPP7VR Core\WispCPP7VR Core\WispCPP7VR\Saved\webcache_6613\Default\GCM Store\Encryption/MANIFEST-000001: Unable to create sequential file (ChromeMethodBFE: 7::NewSequentialFile::1)
[32064:20536:0403/195441.744:ERROR:device_event_log_impl.cc(196)] [19:54:41.416] USB: usb_service_win.cc:105 SetupDiGetDeviceProperty({{A45C254E-DF1C-4EFD-8020-67D146A850E0}, 6}) failed: Element not found. (0x490)
[42884:41996:0403/195649.756:ERROR:shared_image_manager.cc(224)] SharedImageManager::ProduceSkia: Trying to Produce a Skia representation from a non-existent mailbox.
[42884:41996:0403/195649.757:ERROR:shared_image_manager.cc(224)] SharedImageManager::ProduceSkia: Trying to Produce a Skia representation from a non-existent mailbox.
[32064:20536:0403/201259.586:WARNING:pref_notifier_impl.cc(41)] Pref observer for media_router.cast_allow_all_ips found at shutdown.
