[36768:35100:0121/142313.060:WARNING:chrome_main_delegate.cc(745)] This is Chrome version 128.0.6613.138 (not a warning)
[36768:43964:0121/142313.082:ERROR:google_update_settings.cc(265)] Failed opening key Software\Chromium to set usagestats; result: 5
[36768:35100:0121/142313.091:WARNING:account_consistency_mode_manager.cc(77)] Desktop Identity Consistency cannot be enabled as no OAuth client ID and client secret have been configured.
[36768:35100:0121/142314.372:WARNING:external_registry_loader_win.cc(232)] Error observing HKLM: 5
[36768:43964:0121/142314.374:WARNING:leveldb_database.cc(141)] Unable to open C:\Users\Danie\Unreal Projects\2027\repo\Ouract_WispCPP7VR-Core\WispCPP7VR Core\WispCPP7VR Core\WispCPP7VR\Saved\webcache_6613\Default\shared_proto_db\metadata: IO error: C:\Users\Danie\Unreal Projects\2027\repo\Ouract_WispCPP7VR-Core\WispCPP7VR Core\WispCPP7VR Core\WispCPP7VR\Saved\webcache_6613\Default\shared_proto_db\metadata/MANIFEST-000001: Unable to create sequential file (ChromeMethodBFE: 7::NewSequentialFile::1)
[36768:43964:0121/142314.376:WARNING:leveldb_database.cc(141)] Unable to open C:\Users\Danie\Unreal Projects\2027\repo\Ouract_WispCPP7VR-Core\WispCPP7VR Core\WispCPP7VR Core\WispCPP7VR\Saved\webcache_6613\Default\shared_proto_db\metadata: IO error: C:\Users\Danie\Unreal Projects\2027\repo\Ouract_WispCPP7VR-Core\WispCPP7VR Core\WispCPP7VR Core\WispCPP7VR\Saved\webcache_6613\Default\shared_proto_db\metadata/MANIFEST-000001: Unable to create sequential file (ChromeMethodBFE: 7::NewSequentialFile::1)
[36768:43964:0121/142314.378:WARNING:leveldb_database.cc(141)] Unable to open C:\Users\Danie\Unreal Projects\2027\repo\Ouract_WispCPP7VR-Core\WispCPP7VR Core\WispCPP7VR Core\WispCPP7VR\Saved\webcache_6613\Default\shared_proto_db\metadata: IO error: C:\Users\Danie\Unreal Projects\2027\repo\Ouract_WispCPP7VR-Core\WispCPP7VR Core\WispCPP7VR Core\WispCPP7VR\Saved\webcache_6613\Default\shared_proto_db\metadata/MANIFEST-000001: Unable to create sequential file (ChromeMethodBFE: 7::NewSequentialFile::1)
[36768:43964:0121/142314.379:WARNING:leveldb_database.cc(141)] Unable to open C:\Users\Danie\Unreal Projects\2027\repo\Ouract_WispCPP7VR-Core\WispCPP7VR Core\WispCPP7VR Core\WispCPP7VR\Saved\webcache_6613\Default\shared_proto_db\metadata: IO error: C:\Users\Danie\Unreal Projects\2027\repo\Ouract_WispCPP7VR-Core\WispCPP7VR Core\WispCPP7VR Core\WispCPP7VR\Saved\webcache_6613\Default\shared_proto_db\metadata/MANIFEST-000001: Unable to create sequential file (ChromeMethodBFE: 7::NewSequentialFile::1)
[36768:37780:0121/142314.594:WARNING:value_store_frontend.cc(47)] Reading ahfgeienlihckogmohjhadlkjgocpleb.alarms from  failed: IO error: .../MANIFEST-000001: Unable to create sequential file (ChromeMethodBFE: 7::NewSequentialFile::1)
[36768:37780:0121/142314.596:WARNING:value_store_frontend.cc(47)] Reading mhjfbmdgcfjbbpaeojofohoefgiehjai.alarms from  failed: IO error: .../MANIFEST-000001: Unable to create sequential file (ChromeMethodBFE: 7::NewSequentialFile::1)
[32920:35248:0121/142314.929:WARNING:frame_impl.cc(430)] virtual CefFrameImpl::SendProcessMessage sent to detached frame 5-007935C958DC7CB44E6FCDCDA1F4547B will be ignored
[36768:35100:0121/142316.860:ERROR:device_event_log_impl.cc(196)] [14:23:16.853] USB: usb_service_win.cc:105 SetupDiGetDeviceProperty({{A45C254E-DF1C-4EFD-8020-67D146A850E0}, 6}) failed: Element not found. (0x490)
[36768:35292:0121/142316.877:WARNING:leveldb_database.cc(141)] Unable to open C:\Users\Danie\Unreal Projects\2027\repo\Ouract_WispCPP7VR-Core\WispCPP7VR Core\WispCPP7VR Core\WispCPP7VR\Saved\webcache_6613\Default\GCM Store\Encryption: IO error: C:\Users\Danie\Unreal Projects\2027\repo\Ouract_WispCPP7VR-Core\WispCPP7VR Core\WispCPP7VR Core\WispCPP7VR\Saved\webcache_6613\Default\GCM Store\Encryption/MANIFEST-000001: Unable to create sequential file (ChromeMethodBFE: 7::NewSequentialFile::1)
[36832:35040:0121/143006.226:WARNING:chrome_main_delegate.cc(745)] This is Chrome version 128.0.6613.138 (not a warning)
[36832:9212:0121/143006.278:ERROR:google_update_settings.cc(265)] Failed opening key Software\Chromium to set usagestats; result: 5
[36832:35040:0121/143006.298:WARNING:account_consistency_mode_manager.cc(77)] Desktop Identity Consistency cannot be enabled as no OAuth client ID and client secret have been configured.
[36832:35040:0121/143007.830:WARNING:external_registry_loader_win.cc(232)] Error observing HKLM: 5
[36832:38336:0121/143007.840:WARNING:leveldb_database.cc(141)] Unable to open C:\Users\Danie\Unreal Projects\2027\repo\Ouract_WispCPP7VR-Core\WispCPP7VR Core\WispCPP7VR Core\WispCPP7VR\Saved\webcache_6613_1\Default\shared_proto_db\metadata: IO error: C:\Users\Danie\Unreal Projects\2027\repo\Ouract_WispCPP7VR-Core\WispCPP7VR Core\WispCPP7VR Core\WispCPP7VR\Saved\webcache_6613_1\Default\shared_proto_db\metadata/MANIFEST-000001: Unable to create sequential file (ChromeMethodBFE: 7::NewSequentialFile::1)
[36832:38336:0121/143007.843:WARNING:leveldb_database.cc(141)] Unable to open C:\Users\Danie\Unreal Projects\2027\repo\Ouract_WispCPP7VR-Core\WispCPP7VR Core\WispCPP7VR Core\WispCPP7VR\Saved\webcache_6613_1\Default\shared_proto_db\metadata: IO error: C:\Users\Danie\Unreal Projects\2027\repo\Ouract_WispCPP7VR-Core\WispCPP7VR Core\WispCPP7VR Core\WispCPP7VR\Saved\webcache_6613_1\Default\shared_proto_db\metadata/MANIFEST-000001: Unable to create sequential file (ChromeMethodBFE: 7::NewSequentialFile::1)
[36832:38336:0121/143007.845:WARNING:leveldb_database.cc(141)] Unable to open C:\Users\Danie\Unreal Projects\2027\repo\Ouract_WispCPP7VR-Core\WispCPP7VR Core\WispCPP7VR Core\WispCPP7VR\Saved\webcache_6613_1\Default\shared_proto_db\metadata: IO error: C:\Users\Danie\Unreal Projects\2027\repo\Ouract_WispCPP7VR-Core\WispCPP7VR Core\WispCPP7VR Core\WispCPP7VR\Saved\webcache_6613_1\Default\shared_proto_db\metadata/MANIFEST-000001: Unable to create sequential file (ChromeMethodBFE: 7::NewSequentialFile::1)
[36832:38336:0121/143007.847:WARNING:leveldb_database.cc(141)] Unable to open C:\Users\Danie\Unreal Projects\2027\repo\Ouract_WispCPP7VR-Core\WispCPP7VR Core\WispCPP7VR Core\WispCPP7VR\Saved\webcache_6613_1\Default\shared_proto_db\metadata: IO error: C:\Users\Danie\Unreal Projects\2027\repo\Ouract_WispCPP7VR-Core\WispCPP7VR Core\WispCPP7VR Core\WispCPP7VR\Saved\webcache_6613_1\Default\shared_proto_db\metadata/MANIFEST-000001: Unable to create sequential file (ChromeMethodBFE: 7::NewSequentialFile::1)
[36832:26712:0121/143008.250:WARNING:value_store_frontend.cc(47)] Reading ahfgeienlihckogmohjhadlkjgocpleb.alarms from  failed: IO error: .../MANIFEST-000001: Unable to create sequential file (ChromeMethodBFE: 7::NewSequentialFile::1)
[36832:26712:0121/143008.251:WARNING:value_store_frontend.cc(47)] Reading mhjfbmdgcfjbbpaeojofohoefgiehjai.alarms from  failed: IO error: .../MANIFEST-000001: Unable to create sequential file (ChromeMethodBFE: 7::NewSequentialFile::1)
[13992:38284:0121/143009.915:WARNING:frame_impl.cc(430)] virtual CefFrameImpl::SendProcessMessage sent to detached frame 5-528CE8BB05B1A5CB9829F66ABE6F3528 will be ignored
[36832:44092:0121/143014.658:WARNING:leveldb_database.cc(141)] Unable to open C:\Users\Danie\Unreal Projects\2027\repo\Ouract_WispCPP7VR-Core\WispCPP7VR Core\WispCPP7VR Core\WispCPP7VR\Saved\webcache_6613_1\Default\GCM Store\Encryption: IO error: C:\Users\Danie\Unreal Projects\2027\repo\Ouract_WispCPP7VR-Core\WispCPP7VR Core\WispCPP7VR Core\WispCPP7VR\Saved\webcache_6613_1\Default\GCM Store\Encryption/MANIFEST-000001: Unable to create sequential file (ChromeMethodBFE: 7::NewSequentialFile::1)
[36832:35040:0121/143014.915:ERROR:device_event_log_impl.cc(196)] [14:30:14.585] USB: usb_service_win.cc:105 SetupDiGetDeviceProperty({{A45C254E-DF1C-4EFD-8020-67D146A850E0}, 6}) failed: Element not found. (0x490)
[36832:35040:0121/143502.911:WARNING:pref_notifier_impl.cc(41)] Pref observer for media_router.cast_allow_all_ips found at shutdown.
[36768:35100:0121/143508.897:WARNING:pref_notifier_impl.cc(41)] Pref observer for media_router.cast_allow_all_ips found at shutdown.
