[32456:20716:0406/140210.842:WARNING:chrome_main_delegate.cc(745)] This is Chrome version 128.0.6613.138 (not a warning)
[32456:43052:0406/140210.875:ERROR:google_update_settings.cc(265)] Failed opening key Software\Chromium to set usagestats; result: 5
[32456:20716:0406/140210.883:WARNING:account_consistency_mode_manager.cc(77)] Desktop Identity Consistency cannot be enabled as no OAuth client ID and client secret have been configured.
[32456:20716:0406/140212.292:WARNING:external_registry_loader_win.cc(232)] Error observing HKLM: 5
[32456:33416:0406/140212.294:WARNING:leveldb_database.cc(141)] Unable to open C:\Users\Danie\Unreal Projects\2027\repo\Ouract_WispCPP7VR-Core\WispCPP7VR Core\WispCPP7VR Core\WispCPP7VR\Saved\webcache_6613\Default\shared_proto_db\metadata: IO error: C:\Users\Danie\Unreal Projects\2027\repo\Ouract_WispCPP7VR-Core\WispCPP7VR Core\WispCPP7VR Core\WispCPP7VR\Saved\webcache_6613\Default\shared_proto_db\metadata/MANIFEST-000001: Unable to create sequential file (ChromeMethodBFE: 7::NewSequentialFile::1)
[32456:33416:0406/140212.297:WARNING:leveldb_database.cc(141)] Unable to open C:\Users\Danie\Unreal Projects\2027\repo\Ouract_WispCPP7VR-Core\WispCPP7VR Core\WispCPP7VR Core\WispCPP7VR\Saved\webcache_6613\Default\shared_proto_db\metadata: IO error: C:\Users\Danie\Unreal Projects\2027\repo\Ouract_WispCPP7VR-Core\WispCPP7VR Core\WispCPP7VR Core\WispCPP7VR\Saved\webcache_6613\Default\shared_proto_db\metadata/MANIFEST-000001: Unable to create sequential file (ChromeMethodBFE: 7::NewSequentialFile::1)
[32456:33416:0406/140212.301:WARNING:leveldb_database.cc(141)] Unable to open C:\Users\Danie\Unreal Projects\2027\repo\Ouract_WispCPP7VR-Core\WispCPP7VR Core\WispCPP7VR Core\WispCPP7VR\Saved\webcache_6613\Default\shared_proto_db\metadata: IO error: C:\Users\Danie\Unreal Projects\2027\repo\Ouract_WispCPP7VR-Core\WispCPP7VR Core\WispCPP7VR Core\WispCPP7VR\Saved\webcache_6613\Default\shared_proto_db\metadata/MANIFEST-000001: Unable to create sequential file (ChromeMethodBFE: 7::NewSequentialFile::1)
[32456:33416:0406/140212.303:WARNING:leveldb_database.cc(141)] Unable to open C:\Users\Danie\Unreal Projects\2027\repo\Ouract_WispCPP7VR-Core\WispCPP7VR Core\WispCPP7VR Core\WispCPP7VR\Saved\webcache_6613\Default\shared_proto_db\metadata: IO error: C:\Users\Danie\Unreal Projects\2027\repo\Ouract_WispCPP7VR-Core\WispCPP7VR Core\WispCPP7VR Core\WispCPP7VR\Saved\webcache_6613\Default\shared_proto_db\metadata/MANIFEST-000001: Unable to create sequential file (ChromeMethodBFE: 7::NewSequentialFile::1)
[32456:33416:0406/140212.516:WARNING:value_store_frontend.cc(47)] Reading ahfgeienlihckogmohjhadlkjgocpleb.alarms from  failed: IO error: .../MANIFEST-000001: Unable to create sequential file (ChromeMethodBFE: 7::NewSequentialFile::1)
[32456:33416:0406/140212.517:WARNING:value_store_frontend.cc(47)] Reading mhjfbmdgcfjbbpaeojofohoefgiehjai.alarms from  failed: IO error: .../MANIFEST-000001: Unable to create sequential file (ChromeMethodBFE: 7::NewSequentialFile::1)
[40584:42304:0406/140213.228:WARNING:frame_impl.cc(430)] virtual CefFrameImpl::SendProcessMessage sent to detached frame 5-D5DD7884578559D28F0865DC9E473645 will be ignored
[32456:20716:0406/140215.427:ERROR:device_event_log_impl.cc(196)] [14:02:15.423] USB: usb_service_win.cc:105 SetupDiGetDeviceProperty({{A45C254E-DF1C-4EFD-8020-67D146A850E0}, 6}) failed: Element not found. (0x490)
[32456:10716:0406/140215.460:WARNING:leveldb_database.cc(141)] Unable to open C:\Users\Danie\Unreal Projects\2027\repo\Ouract_WispCPP7VR-Core\WispCPP7VR Core\WispCPP7VR Core\WispCPP7VR\Saved\webcache_6613\Default\GCM Store\Encryption: IO error: C:\Users\Danie\Unreal Projects\2027\repo\Ouract_WispCPP7VR-Core\WispCPP7VR Core\WispCPP7VR Core\WispCPP7VR\Saved\webcache_6613\Default\GCM Store\Encryption/MANIFEST-000001: Unable to create sequential file (ChromeMethodBFE: 7::NewSequentialFile::1)
[32456:20716:0406/144706.733:ERROR:device_event_log_impl.cc(196)] [14:47:06.628] USB: usb_service_win.cc:105 SetupDiGetDeviceProperty({{A45C254E-DF1C-4EFD-8020-67D146A850E0}, 6}) failed: Element not found. (0x490)
[38484:18664:0406/145224.781:WARNING:chrome_main_delegate.cc(745)] This is Chrome version 128.0.6613.138 (not a warning)
[38484:24256:0406/145224.820:ERROR:google_update_settings.cc(265)] Failed opening key Software\Chromium to set usagestats; result: 5
[38484:18664:0406/145224.845:WARNING:account_consistency_mode_manager.cc(77)] Desktop Identity Consistency cannot be enabled as no OAuth client ID and client secret have been configured.
[38484:18664:0406/145226.575:WARNING:external_registry_loader_win.cc(232)] Error observing HKLM: 5
[38484:34048:0406/145226.579:WARNING:leveldb_database.cc(141)] Unable to open C:\Users\Danie\Unreal Projects\2027\repo\Ouract_WispCPP7VR-Core\WispCPP7VR Core\WispCPP7VR Core\WispCPP7VR\Saved\webcache_6613_1\Default\shared_proto_db\metadata: IO error: C:\Users\Danie\Unreal Projects\2027\repo\Ouract_WispCPP7VR-Core\WispCPP7VR Core\WispCPP7VR Core\WispCPP7VR\Saved\webcache_6613_1\Default\shared_proto_db\metadata/MANIFEST-000001: Unable to create sequential file (ChromeMethodBFE: 7::NewSequentialFile::1)
[38484:34048:0406/145226.582:WARNING:leveldb_database.cc(141)] Unable to open C:\Users\Danie\Unreal Projects\2027\repo\Ouract_WispCPP7VR-Core\WispCPP7VR Core\WispCPP7VR Core\WispCPP7VR\Saved\webcache_6613_1\Default\shared_proto_db\metadata: IO error: C:\Users\Danie\Unreal Projects\2027\repo\Ouract_WispCPP7VR-Core\WispCPP7VR Core\WispCPP7VR Core\WispCPP7VR\Saved\webcache_6613_1\Default\shared_proto_db\metadata/MANIFEST-000001: Unable to create sequential file (ChromeMethodBFE: 7::NewSequentialFile::1)
[38484:34048:0406/145226.585:WARNING:leveldb_database.cc(141)] Unable to open C:\Users\Danie\Unreal Projects\2027\repo\Ouract_WispCPP7VR-Core\WispCPP7VR Core\WispCPP7VR Core\WispCPP7VR\Saved\webcache_6613_1\Default\shared_proto_db\metadata: IO error: C:\Users\Danie\Unreal Projects\2027\repo\Ouract_WispCPP7VR-Core\WispCPP7VR Core\WispCPP7VR Core\WispCPP7VR\Saved\webcache_6613_1\Default\shared_proto_db\metadata/MANIFEST-000001: Unable to create sequential file (ChromeMethodBFE: 7::NewSequentialFile::1)
[38484:34048:0406/145226.588:WARNING:leveldb_database.cc(141)] Unable to open C:\Users\Danie\Unreal Projects\2027\repo\Ouract_WispCPP7VR-Core\WispCPP7VR Core\WispCPP7VR Core\WispCPP7VR\Saved\webcache_6613_1\Default\shared_proto_db\metadata: IO error: C:\Users\Danie\Unreal Projects\2027\repo\Ouract_WispCPP7VR-Core\WispCPP7VR Core\WispCPP7VR Core\WispCPP7VR\Saved\webcache_6613_1\Default\shared_proto_db\metadata/MANIFEST-000001: Unable to create sequential file (ChromeMethodBFE: 7::NewSequentialFile::1)
[38484:44020:0406/145226.978:WARNING:value_store_frontend.cc(47)] Reading ahfgeienlihckogmohjhadlkjgocpleb.alarms from  failed: IO error: .../MANIFEST-000001: Unable to create sequential file (ChromeMethodBFE: 7::NewSequentialFile::1)
[38484:44020:0406/145226.981:WARNING:value_store_frontend.cc(47)] Reading mhjfbmdgcfjbbpaeojofohoefgiehjai.alarms from  failed: IO error: .../MANIFEST-000001: Unable to create sequential file (ChromeMethodBFE: 7::NewSequentialFile::1)
[27160:2380:0406/145227.984:WARNING:frame_impl.cc(430)] virtual CefFrameImpl::SendProcessMessage sent to detached frame 5-4D91721427732669CD99BDE568C8A209 will be ignored
[38484:18664:0406/145233.112:WARNING:pref_notifier_impl.cc(41)] Pref observer for media_router.cast_allow_all_ips found at shutdown.
[32456:20716:0406/145237.399:WARNING:pref_notifier_impl.cc(41)] Pref observer for media_router.cast_allow_all_ips found at shutdown.
